<?xml version="1.0" encoding="UTF-8"?>
<testsuite xmlns:xsi="http://www.w3.org/2001/XMLSchema-instance" xsi:noNamespaceSchemaLocation="https://maven.apache.org/surefire/maven-surefire-plugin/xsd/surefire-test-report.xsd" version="3.0.2" name="TestSuite" time="45.856" tests="1" errors="0" skipped="0" failures="0">
  <properties>
    <property name="sun.desktop" value="windows"/>
    <property name="awt.toolkit" value="sun.awt.windows.WToolkit"/>
    <property name="java.specification.version" value="11"/>
    <property name="sun.cpu.isalist" value="amd64"/>
    <property name="sun.jnu.encoding" value="Cp1252"/>
    <property name="java.class.path" value="C:\Users\ashwe\eclipse-workspace\sampleprograms\PhysicalDevice\target\test-classes;C:\Users\ashwe\eclipse-workspace\sampleprograms\PhysicalDevice\target\classes;C:\Users\ashwe\.m2\repository\io\appium\java-client\9.3.0\java-client-9.3.0.jar;C:\Users\ashwe\.m2\repository\org\seleniumhq\selenium\selenium-api\4.27.0\selenium-api-4.27.0.jar;C:\Users\ashwe\.m2\repository\org\jspecify\jspecify\1.0.0\jspecify-1.0.0.jar;C:\Users\ashwe\.m2\repository\org\seleniumhq\selenium\selenium-remote-driver\4.27.0\selenium-remote-driver-4.27.0.jar;C:\Users\ashwe\.m2\repository\com\google\auto\service\auto-service-annotations\1.1.1\auto-service-annotations-1.1.1.jar;C:\Users\ashwe\.m2\repository\com\google\guava\guava\33.3.1-jre\guava-33.3.1-jre.jar;C:\Users\ashwe\.m2\repository\com\google\guava\failureaccess\1.0.2\failureaccess-1.0.2.jar;C:\Users\ashwe\.m2\repository\com\google\guava\listenablefuture\9999.0-empty-to-avoid-conflict-with-guava\listenablefuture-9999.0-empty-to-avoid-conflict-with-guava.jar;C:\Users\ashwe\.m2\repository\com\google\code\findbugs\jsr305\3.0.2\jsr305-3.0.2.jar;C:\Users\ashwe\.m2\repository\org\checkerframework\checker-qual\3.43.0\checker-qual-3.43.0.jar;C:\Users\ashwe\.m2\repository\com\google\j2objc\j2objc-annotations\3.0.0\j2objc-annotations-3.0.0.jar;C:\Users\ashwe\.m2\repository\io\opentelemetry\semconv\opentelemetry-semconv\1.25.0-alpha\opentelemetry-semconv-1.25.0-alpha.jar;C:\Users\ashwe\.m2\repository\io\opentelemetry\opentelemetry-api\1.44.1\opentelemetry-api-1.44.1.jar;C:\Users\ashwe\.m2\repository\io\opentelemetry\opentelemetry-context\1.44.1\opentelemetry-context-1.44.1.jar;C:\Users\ashwe\.m2\repository\io\opentelemetry\opentelemetry-exporter-logging\1.44.1\opentelemetry-exporter-logging-1.44.1.jar;C:\Users\ashwe\.m2\repository\io\opentelemetry\opentelemetry-sdk-common\1.44.1\opentelemetry-sdk-common-1.44.1.jar;C:\Users\ashwe\.m2\repository\io\opentelemetry\opentelemetry-sdk-extension-autoconfigure-spi\1.44.1\opentelemetry-sdk-extension-autoconfigure-spi-1.44.1.jar;C:\Users\ashwe\.m2\repository\io\opentelemetry\opentelemetry-sdk-extension-autoconfigure\1.44.1\opentelemetry-sdk-extension-autoconfigure-1.44.1.jar;C:\Users\ashwe\.m2\repository\io\opentelemetry\opentelemetry-api-incubator\1.44.1-alpha\opentelemetry-api-incubator-1.44.1-alpha.jar;C:\Users\ashwe\.m2\repository\io\opentelemetry\opentelemetry-sdk-trace\1.44.1\opentelemetry-sdk-trace-1.44.1.jar;C:\Users\ashwe\.m2\repository\io\opentelemetry\opentelemetry-sdk\1.44.1\opentelemetry-sdk-1.44.1.jar;C:\Users\ashwe\.m2\repository\io\opentelemetry\opentelemetry-sdk-metrics\1.44.1\opentelemetry-sdk-metrics-1.44.1.jar;C:\Users\ashwe\.m2\repository\io\opentelemetry\opentelemetry-sdk-logs\1.44.1\opentelemetry-sdk-logs-1.44.1.jar;C:\Users\ashwe\.m2\repository\net\bytebuddy\byte-buddy\1.15.10\byte-buddy-1.15.10.jar;C:\Users\ashwe\.m2\repository\org\seleniumhq\selenium\selenium-http\4.27.0\selenium-http-4.27.0.jar;C:\Users\ashwe\.m2\repository\dev\failsafe\failsafe\3.3.2\failsafe-3.3.2.jar;C:\Users\ashwe\.m2\repository\org\seleniumhq\selenium\selenium-json\4.27.0\selenium-json-4.27.0.jar;C:\Users\ashwe\.m2\repository\org\seleniumhq\selenium\selenium-manager\4.27.0\selenium-manager-4.27.0.jar;C:\Users\ashwe\.m2\repository\org\seleniumhq\selenium\selenium-os\4.27.0\selenium-os-4.27.0.jar;C:\Users\ashwe\.m2\repository\org\apache\commons\commons-exec\1.4.0\commons-exec-1.4.0.jar;C:\Users\ashwe\.m2\repository\org\seleniumhq\selenium\selenium-support\4.27.0\selenium-support-4.27.0.jar;C:\Users\ashwe\.m2\repository\com\google\code\gson\gson\2.11.0\gson-2.11.0.jar;C:\Users\ashwe\.m2\repository\com\google\errorprone\error_prone_annotations\2.27.0\error_prone_annotations-2.27.0.jar;C:\Users\ashwe\.m2\repository\org\slf4j\slf4j-api\2.0.13\slf4j-api-2.0.13.jar;C:\Users\ashwe\.m2\repository\org\testng\testng\6.14.3\testng-6.14.3.jar;C:\Users\ashwe\.m2\repository\com\beust\jcommander\1.72\jcommander-1.72.jar;C:\Users\ashwe\.m2\repository\org\apache-extras\beanshell\bsh\2.0b6\bsh-2.0b6.jar;"/>
    <property name="java.vm.vendor" value="Oracle Corporation"/>
    <property name="sun.arch.data.model" value="64"/>
    <property name="user.variant" value=""/>
    <property name="java.vendor.url" value="https://openjdk.java.net/"/>
    <property name="user.timezone" value="Asia/Calcutta"/>
    <property name="java.vm.specification.version" value="11"/>
    <property name="os.name" value="Windows 11"/>
    <property name="sun.java.launcher" value="SUN_STANDARD"/>
    <property name="user.country" value="IN"/>
    <property name="sun.boot.library.path" value="C:\Program Files\Java\jdk-11\bin"/>
    <property name="sun.java.command" value="C:\Users\ashwe\AppData\Local\Temp\surefire4674610859389399663\surefirebooter-20241218152505336_3.jar C:\Users\ashwe\AppData\Local\Temp\surefire4674610859389399663 2024-12-18T15-25-04_914-jvmRun1 surefire-20241218152505336_1tmp surefire_0-20241218152505336_2tmp"/>
    <property name="jdk.debug" value="release"/>
    <property name="surefire.test.class.path" value="C:\Users\ashwe\eclipse-workspace\sampleprograms\PhysicalDevice\target\test-classes;C:\Users\ashwe\eclipse-workspace\sampleprograms\PhysicalDevice\target\classes;C:\Users\ashwe\.m2\repository\io\appium\java-client\9.3.0\java-client-9.3.0.jar;C:\Users\ashwe\.m2\repository\org\seleniumhq\selenium\selenium-api\4.27.0\selenium-api-4.27.0.jar;C:\Users\ashwe\.m2\repository\org\jspecify\jspecify\1.0.0\jspecify-1.0.0.jar;C:\Users\ashwe\.m2\repository\org\seleniumhq\selenium\selenium-remote-driver\4.27.0\selenium-remote-driver-4.27.0.jar;C:\Users\ashwe\.m2\repository\com\google\auto\service\auto-service-annotations\1.1.1\auto-service-annotations-1.1.1.jar;C:\Users\ashwe\.m2\repository\com\google\guava\guava\33.3.1-jre\guava-33.3.1-jre.jar;C:\Users\ashwe\.m2\repository\com\google\guava\failureaccess\1.0.2\failureaccess-1.0.2.jar;C:\Users\ashwe\.m2\repository\com\google\guava\listenablefuture\9999.0-empty-to-avoid-conflict-with-guava\listenablefuture-9999.0-empty-to-avoid-conflict-with-guava.jar;C:\Users\ashwe\.m2\repository\com\google\code\findbugs\jsr305\3.0.2\jsr305-3.0.2.jar;C:\Users\ashwe\.m2\repository\org\checkerframework\checker-qual\3.43.0\checker-qual-3.43.0.jar;C:\Users\ashwe\.m2\repository\com\google\j2objc\j2objc-annotations\3.0.0\j2objc-annotations-3.0.0.jar;C:\Users\ashwe\.m2\repository\io\opentelemetry\semconv\opentelemetry-semconv\1.25.0-alpha\opentelemetry-semconv-1.25.0-alpha.jar;C:\Users\ashwe\.m2\repository\io\opentelemetry\opentelemetry-api\1.44.1\opentelemetry-api-1.44.1.jar;C:\Users\ashwe\.m2\repository\io\opentelemetry\opentelemetry-context\1.44.1\opentelemetry-context-1.44.1.jar;C:\Users\ashwe\.m2\repository\io\opentelemetry\opentelemetry-exporter-logging\1.44.1\opentelemetry-exporter-logging-1.44.1.jar;C:\Users\ashwe\.m2\repository\io\opentelemetry\opentelemetry-sdk-common\1.44.1\opentelemetry-sdk-common-1.44.1.jar;C:\Users\ashwe\.m2\repository\io\opentelemetry\opentelemetry-sdk-extension-autoconfigure-spi\1.44.1\opentelemetry-sdk-extension-autoconfigure-spi-1.44.1.jar;C:\Users\ashwe\.m2\repository\io\opentelemetry\opentelemetry-sdk-extension-autoconfigure\1.44.1\opentelemetry-sdk-extension-autoconfigure-1.44.1.jar;C:\Users\ashwe\.m2\repository\io\opentelemetry\opentelemetry-api-incubator\1.44.1-alpha\opentelemetry-api-incubator-1.44.1-alpha.jar;C:\Users\ashwe\.m2\repository\io\opentelemetry\opentelemetry-sdk-trace\1.44.1\opentelemetry-sdk-trace-1.44.1.jar;C:\Users\ashwe\.m2\repository\io\opentelemetry\opentelemetry-sdk\1.44.1\opentelemetry-sdk-1.44.1.jar;C:\Users\ashwe\.m2\repository\io\opentelemetry\opentelemetry-sdk-metrics\1.44.1\opentelemetry-sdk-metrics-1.44.1.jar;C:\Users\ashwe\.m2\repository\io\opentelemetry\opentelemetry-sdk-logs\1.44.1\opentelemetry-sdk-logs-1.44.1.jar;C:\Users\ashwe\.m2\repository\net\bytebuddy\byte-buddy\1.15.10\byte-buddy-1.15.10.jar;C:\Users\ashwe\.m2\repository\org\seleniumhq\selenium\selenium-http\4.27.0\selenium-http-4.27.0.jar;C:\Users\ashwe\.m2\repository\dev\failsafe\failsafe\3.3.2\failsafe-3.3.2.jar;C:\Users\ashwe\.m2\repository\org\seleniumhq\selenium\selenium-json\4.27.0\selenium-json-4.27.0.jar;C:\Users\ashwe\.m2\repository\org\seleniumhq\selenium\selenium-manager\4.27.0\selenium-manager-4.27.0.jar;C:\Users\ashwe\.m2\repository\org\seleniumhq\selenium\selenium-os\4.27.0\selenium-os-4.27.0.jar;C:\Users\ashwe\.m2\repository\org\apache\commons\commons-exec\1.4.0\commons-exec-1.4.0.jar;C:\Users\ashwe\.m2\repository\org\seleniumhq\selenium\selenium-support\4.27.0\selenium-support-4.27.0.jar;C:\Users\ashwe\.m2\repository\com\google\code\gson\gson\2.11.0\gson-2.11.0.jar;C:\Users\ashwe\.m2\repository\com\google\errorprone\error_prone_annotations\2.27.0\error_prone_annotations-2.27.0.jar;C:\Users\ashwe\.m2\repository\org\slf4j\slf4j-api\2.0.13\slf4j-api-2.0.13.jar;C:\Users\ashwe\.m2\repository\org\testng\testng\6.14.3\testng-6.14.3.jar;C:\Users\ashwe\.m2\repository\com\beust\jcommander\1.72\jcommander-1.72.jar;C:\Users\ashwe\.m2\repository\org\apache-extras\beanshell\bsh\2.0b6\bsh-2.0b6.jar;"/>
    <property name="sun.cpu.endian" value="little"/>
    <property name="user.home" value="C:\Users\ashwe"/>
    <property name="user.language" value="en"/>
    <property name="java.specification.vendor" value="Oracle Corporation"/>
    <property name="java.version.date" value="2024-04-16"/>
    <property name="java.home" value="C:\Program Files\Java\jdk-11"/>
    <property name="file.separator" value="\"/>
    <property name="basedir" value="C:\Users\ashwe\eclipse-workspace\sampleprograms\PhysicalDevice"/>
    <property name="java.vm.compressedOopsMode" value="32-bit"/>
    <property name="line.separator" value="&#10;"/>
    <property name="java.specification.name" value="Java Platform API Specification"/>
    <property name="java.vm.specification.vendor" value="Oracle Corporation"/>
    <property name="java.awt.graphicsenv" value="sun.awt.Win32GraphicsEnvironment"/>
    <property name="surefire.real.class.path" value="C:\Users\ashwe\AppData\Local\Temp\surefire4674610859389399663\surefirebooter-20241218152505336_3.jar"/>
    <property name="user.script" value=""/>
    <property name="sun.management.compiler" value="HotSpot 64-Bit Tiered Compilers"/>
    <property name="java.runtime.version" value="11.0.23+7-LTS-222"/>
    <property name="user.name" value="ashwe"/>
    <property name="path.separator" value=";"/>
    <property name="os.version" value="10.0"/>
    <property name="java.runtime.name" value="Java(TM) SE Runtime Environment"/>
    <property name="file.encoding" value="Cp1252"/>
    <property name="java.vm.name" value="Java HotSpot(TM) 64-Bit Server VM"/>
    <property name="java.vendor.version" value="18.9"/>
    <property name="localRepository" value="C:\Users\ashwe\.m2\repository"/>
    <property name="java.vendor.url.bug" value="https://bugreport.java.com/bugreport/"/>
    <property name="java.io.tmpdir" value="C:\Users\ashwe\AppData\Local\Temp\"/>
    <property name="java.version" value="11.0.23"/>
    <property name="user.dir" value="C:\Users\ashwe\eclipse-workspace\sampleprograms\PhysicalDevice"/>
    <property name="os.arch" value="amd64"/>
    <property name="java.vm.specification.name" value="Java Virtual Machine Specification"/>
    <property name="java.awt.printerjob" value="sun.awt.windows.WPrinterJob"/>
    <property name="sun.os.patch.level" value=""/>
    <property name="java.library.path" value="C:\Program Files\Java\jdk-11\bin;C:\windows\Sun\Java\bin;C:\windows\system32;C:\windows;C:\oraclexe\app\oracle\product\10.2.0\server\bin;C:\Python312\Scripts\;C:\Python312\;C:\Program Files\Common Files\Oracle\Java\javapath;C:\windows\system32;C:\windows;C:\windows\System32\Wbem;C:\windows\System32\WindowsPowerShell\v1.0\;C:\windows\System32\OpenSSH\;C:\Program Files (x86)\NVIDIA Corporation\PhysX\Common;C:\Program Files\NVIDIA Corporation\NVIDIA NvDLISR;C:\Users\Administrator\AppData\Local\Microsoft\WindowsApps;C:\Program Files\HP\OMEN-Broadcast\Common;C:\Program Files\Java\jdk-11\bin;C:\Tools\apache-maven-3.9.8-bin\apache-maven-3.9.8\bin;C:\ProgramData\chocolatey\bin;C:\Users\ashwe\AppData\Local\Android\Sdk\tools\bin;C:\Users\ashwe\AppData\Local\Android\Sdk\tools;C:\Users\ashwe\AppData\Local\Android\Sdk\platform-tools;C:\Program Files\nodejs\;C:\Program Files\Git\cmd;C:\Program Files\MySQL\MySQL Shell 8.0\bin\;C:\Users\ashwe\AppData\Local\Microsoft\WindowsApps;C:\Users\ashwe\AppData\Roaming\npm;."/>
    <property name="java.vendor" value="Oracle Corporation"/>
    <property name="java.vm.info" value="mixed mode"/>
    <property name="java.vm.version" value="11.0.23+7-LTS-222"/>
    <property name="java.specification.maintenance.version" value="2"/>
    <property name="sun.io.unicode.encoding" value="UnicodeLittle"/>
    <property name="java.class.version" value="55.0"/>
  </properties>
  <testcase name="redmi" classname="org.mobile.RedmiNote" time="43.911">
    <system-out><![CDATA[[TestNGContentHandler] [WARN] It is strongly recommended to add "<!DOCTYPE suite SYSTEM "http://testng.org/testng-1.0.dtd" >" at the top of your file, otherwise TestNG may fail or not work as expected.
&amp#27;[38;5;112m[Appium]&amp#27;[0m Welcome to Appium v2.13.1
&amp#27;[38;5;112m[Appium]&amp#27;[0m Non-default server args:
&amp#27;[38;5;112m[Appium]&amp#27;[0m { address: &amp#27;[32m'127.0.0.1'&amp#27;[39m }
&amp#27;[38;5;112m[Appium]&amp#27;[0m The autodetected Appium home path: C:\Users\ashwe
&amp#27;[38;5;112m[Appium]&amp#27;[0m Attempting to load driver uiautomator2...
&amp#27;[38;5;112m[Appium]&amp#27;[0m Requiring driver at C:\Users\ashwe\node_modules\appium-uiautomator2-driver\build\index.js
&amp#27;[38;5;112m[Appium]&amp#27;[0m AndroidUiautomator2Driver has been successfully loaded in 1.735s
&amp#27;[38;5;112m[Appium]&amp#27;[0m Appium REST http interface listener started on http://127.0.0.1:4723
&amp#27;[38;5;112m[Appium]&amp#27;[0m Available drivers:
&amp#27;[38;5;112m[Appium]&amp#27;[0m   - uiautomator2@3.8.0 (automationName 'UiAutomator2')
&amp#27;[38;5;112m[Appium]&amp#27;[0m No plugins have been installed. Use the "appium plugin" command to install the one(s) you want to use.
&amp#27;[38;5;86m[HTTP]&amp#27;[0m &amp#27;[37m-->&amp#27;[39m &amp#27;[37mGET&amp#27;[39m &amp#27;[37m/status&amp#27;[39m &amp#27;[90m{}&amp#27;[39m
&amp#27;[38;5;202m[AppiumDriver@e533]&amp#27;[0m Calling AppiumDriver.getStatus() with args: []
&amp#27;[38;5;202m[AppiumDriver@e533]&amp#27;[0m Responding to client with driver.getStatus() result: {"ready":true,"message":"The server is ready to accept new connections","build":{"version":"2.13.1"}}
&amp#27;[38;5;86m[HTTP]&amp#27;[0m &amp#27;[37m<-- GET /status &amp#27;[39m&amp#27;[32m200&amp#27;[39m &amp#27;[90m10 ms - 111&amp#27;[39m &amp#27;[90m&amp#27;[39m
&amp#27;[38;5;86m[HTTP]&amp#27;[0m Request idempotency key: 3123bfd0-cf92-45c0-a494-e2089b1d6f3e
&amp#27;[38;5;86m[HTTP]&amp#27;[0m &amp#27;[37m-->&amp#27;[39m &amp#27;[37mPOST&amp#27;[39m &amp#27;[37m/session&amp#27;[39m &amp#27;[90m{"capabilities":{"firstMatch":[{"appium:udid":"c7326a7c","appium:appActivity":"com.ubercab.presidio.app.core.root.RootActivity","appium:deviceName":"ash","platformName":"ANDROID","appium:automationName":"UiAutomator2","appium:platformVersion":"10","appium:appPackage":"com.ubercab"}]}}&amp#27;[39m
&amp#27;[38;5;202m[AppiumDriver@e533]&amp#27;[0m Calling AppiumDriver.createSession() with args: [null,null,{"firstMatch":[{"appium:udid":"c7326a7c","appium:appActivity":"com.ubercab.presidio.app.core.root.RootActivity","appium:deviceName":"ash","platformName":"ANDROID","appium:automationName":"UiAutomator2","appium:platformVersion":"10","appium:appPackage":"com.ubercab"}]}]
&amp#27;[38;5;202m[AppiumDriver@e533]&amp#27;[0m Event 'newSessionRequested' logged at 1734515712313 (15:25:12 GMT+0530 (India Standard Time))
&amp#27;[38;5;112m[Appium]&amp#27;[0m Attempting to find matching driver for automationName 'UiAutomator2' and platformName 'ANDROID'
&amp#27;[38;5;112m[Appium]&amp#27;[0m The 'uiautomator2' driver was installed and matched caps.
&amp#27;[38;5;112m[Appium]&amp#27;[0m Will require it at C:\Users\ashwe\node_modules\appium-uiautomator2-driver
&amp#27;[38;5;112m[Appium]&amp#27;[0m Requiring driver at C:\Users\ashwe\node_modules\appium-uiautomator2-driver\build\index.js
&amp#27;[38;5;202m[AppiumDriver@e533]&amp#27;[0m Appium v2.13.1 creating new AndroidUiautomator2Driver (v3.8.0) session
&amp#27;[38;5;202m[AppiumDriver@e533]&amp#27;[0m Checking BaseDriver versions for Appium and AndroidUiautomator2Driver
&amp#27;[38;5;202m[AppiumDriver@e533]&amp#27;[0m Appium's BaseDriver version is 9.13.1
&amp#27;[38;5;202m[AppiumDriver@e533]&amp#27;[0m AndroidUiautomator2Driver's BaseDriver version is 9.11.4
&amp#27;[38;5;-125m[AndroidUiautomator2Driver@9353]&amp#27;[0m 
&amp#27;[38;5;-125m[AndroidUiautomator2Driver@9353]&amp#27;[0m Creating session with W3C capabilities: {
  "alwaysMatch": {
    "platformName": "ANDROID",
    "appium:udid": "c7326a7c",
    "appium:appActivity": "com.ubercab.presidio.app.core.root.RootActivity",
    "appium:deviceName": "ash",
    "appium:automationName": "UiAutomator2",
    "appium:platformVersion": "10",
    "appium:appPackage": "com.ubercab"
  },
  "firstMatch": [
    {}
  ]
}
&amp#27;[38;5;211m[62a7a76a]&amp#27;[0m&amp#27;[38;5;-125m[AndroidUiautomator2Driver@9353]&amp#27;[0m Session created with session id: 62a7a76a-8d2c-4e5a-8619-b05a22c12011
&amp#27;[38;5;211m[62a7a76a]&amp#27;[0m&amp#27;[38;5;229m[ADB]&amp#27;[0m Found 2 'build-tools' folders under 'C:\Users\ashwe\AppData\Local\Android\Sdk' (newest first):
&amp#27;[38;5;211m[62a7a76a]&amp#27;[0m&amp#27;[38;5;229m[ADB]&amp#27;[0m     C:\Users\ashwe\AppData\Local\Android\Sdk\build-tools\35.0.0
&amp#27;[38;5;211m[62a7a76a]&amp#27;[0m&amp#27;[38;5;229m[ADB]&amp#27;[0m     C:\Users\ashwe\AppData\Local\Android\Sdk\build-tools\34.0.0
&amp#27;[38;5;211m[62a7a76a]&amp#27;[0m&amp#27;[38;5;229m[ADB]&amp#27;[0m Using 'adb.exe' from 'C:\Users\ashwe\AppData\Local\Android\Sdk\platform-tools\adb.exe'
&amp#27;[38;5;211m[62a7a76a]&amp#27;[0m&amp#27;[38;5;229m[ADB]&amp#27;[0m Running 'C:\Users\ashwe\AppData\Local\Android\Sdk\platform-tools\adb.exe -P 5037 start-server'
&amp#27;[38;5;211m[62a7a76a]&amp#27;[0m&amp#27;[38;5;-125m[AndroidUiautomator2Driver@9353]&amp#27;[0m Retrieving device list
&amp#27;[38;5;211m[62a7a76a]&amp#27;[0m&amp#27;[38;5;229m[ADB]&amp#27;[0m Trying to find connected Android devices
&amp#27;[38;5;211m[62a7a76a]&amp#27;[0m&amp#27;[38;5;229m[ADB]&amp#27;[0m Getting connected devices
&amp#27;[38;5;211m[62a7a76a]&amp#27;[0m&amp#27;[38;5;229m[ADB]&amp#27;[0m Connected devices: [{"udid":"c7326a7c","state":"device"}]
&amp#27;[38;5;211m[62a7a76a]&amp#27;[0m&amp#27;[38;5;-125m[AndroidUiautomator2Driver@9353]&amp#27;[0m Using device: c7326a7c
&amp#27;[38;5;211m[62a7a76a]&amp#27;[0m&amp#27;[38;5;229m[ADB]&amp#27;[0m Using 'adb.exe' from 'C:\Users\ashwe\AppData\Local\Android\Sdk\platform-tools\adb.exe'
&amp#27;[38;5;211m[62a7a76a]&amp#27;[0m&amp#27;[38;5;229m[ADB]&amp#27;[0m Running 'C:\Users\ashwe\AppData\Local\Android\Sdk\platform-tools\adb.exe -P 5037 start-server'
&amp#27;[38;5;211m[62a7a76a]&amp#27;[0m&amp#27;[38;5;229m[ADB]&amp#27;[0m Setting device id to c7326a7c
&amp#27;[38;5;211m[62a7a76a]&amp#27;[0m&amp#27;[38;5;-125m[AndroidUiautomator2Driver@9353]&amp#27;[0m Starting 'com.ubercab' directly on the device
&amp#27;[38;5;211m[62a7a76a]&amp#27;[0m&amp#27;[38;5;229m[ADB]&amp#27;[0m Running 'C:\Users\ashwe\AppData\Local\Android\Sdk\platform-tools\adb.exe -P 5037 -s c7326a7c shell getprop ro.build.version.sdk'
&amp#27;[38;5;211m[62a7a76a]&amp#27;[0m&amp#27;[38;5;229m[ADB]&amp#27;[0m Current device property 'ro.build.version.sdk': 29
&amp#27;[38;5;211m[62a7a76a]&amp#27;[0m&amp#27;[38;5;229m[ADB]&amp#27;[0m Getting device platform version
&amp#27;[38;5;211m[62a7a76a]&amp#27;[0m&amp#27;[38;5;229m[ADB]&amp#27;[0m Running 'C:\Users\ashwe\AppData\Local\Android\Sdk\platform-tools\adb.exe -P 5037 -s c7326a7c shell getprop ro.build.version.release'
&amp#27;[38;5;211m[62a7a76a]&amp#27;[0m&amp#27;[38;5;229m[ADB]&amp#27;[0m Current device property 'ro.build.version.release': 10
&amp#27;[38;5;211m[62a7a76a]&amp#27;[0m&amp#27;[38;5;229m[ADB]&amp#27;[0m Device API level: 29
&amp#27;[38;5;211m[62a7a76a]&amp#27;[0m&amp#27;[38;5;-125m[AndroidUiautomator2Driver@9353]&amp#27;[0m Relaxing hidden api policy
&amp#27;[38;5;211m[62a7a76a]&amp#27;[0m&amp#27;[38;5;229m[ADB]&amp#27;[0m Running 'C:\Users\ashwe\AppData\Local\Android\Sdk\platform-tools\adb.exe -P 5037 -s c7326a7c shell 'settings put global hidden_api_policy_pre_p_apps 1;settings put global hidden_api_policy_p_apps 1;settings put global hidden_api_policy 1''
&amp#27;[38;5;211m[62a7a76a]&amp#27;[0m&amp#27;[38;5;-125m[AndroidUiautomator2Driver@9353]&amp#27;[0m No app sent in, not parsing package/activity
&amp#27;[38;5;211m[62a7a76a]&amp#27;[0m&amp#27;[38;5;-125m[AndroidUiautomator2Driver@9353]&amp#27;[0m Pushing settings apk to the device...
&amp#27;[38;5;211m[62a7a76a]&amp#27;[0m&amp#27;[38;5;229m[ADB]&amp#27;[0m Getting package info for 'io.appium.settings'
&amp#27;[38;5;211m[62a7a76a]&amp#27;[0m&amp#27;[38;5;229m[ADB]&amp#27;[0m Running 'C:\Users\ashwe\AppData\Local\Android\Sdk\platform-tools\adb.exe -P 5037 -s c7326a7c shell dumpsys package io.appium.settings'
&amp#27;[38;5;211m[62a7a76a]&amp#27;[0m&amp#27;[38;5;229m[ADB]&amp#27;[0m Using 'aapt2.exe' from 'C:\Users\ashwe\AppData\Local\Android\Sdk\build-tools\35.0.0\aapt2.exe'
&amp#27;[38;5;211m[62a7a76a]&amp#27;[0m&amp#27;[38;5;229m[ADB]&amp#27;[0m Reading package manifest: 'C:\\Users\\ashwe\\AppData\\Local\\Android\\Sdk\\build-tools\\35.0.0\\aapt2.exe dump badging C:\\Users\\ashwe\\node_modules\\appium-uiautomator2-driver\\node_modules\\io.appium.settings\\apks\\settings_apk-debug.apk'
&amp#27;[38;5;211m[62a7a76a]&amp#27;[0m&amp#27;[38;5;229m[ADB]&amp#27;[0m The version name of the installed 'io.appium.settings' is greater or equal to the application version name ('5.12.13' >= '5.12.13')
&amp#27;[38;5;211m[62a7a76a]&amp#27;[0m&amp#27;[38;5;229m[ADB]&amp#27;[0m There is no need to install/upgrade 'C:\Users\ashwe\node_modules\appium-uiautomator2-driver\node_modules\io.appium.settings\apks\settings_apk-debug.apk'
&amp#27;[38;5;211m[62a7a76a]&amp#27;[0m&amp#27;[38;5;229m[ADB]&amp#27;[0m Running 'C:\Users\ashwe\AppData\Local\Android\Sdk\platform-tools\adb.exe -P 5037 -s c7326a7c shell dumpsys activity services io.appium.settings'
&amp#27;[38;5;211m[62a7a76a]&amp#27;[0m&amp#27;[38;5;-125m[AndroidUiautomator2Driver@9353]&amp#27;[0m io.appium.settings is already running. There is no need to reset its permissions.
&amp#27;[38;5;211m[62a7a76a]&amp#27;[0m&amp#27;[38;5;160m[Logcat]&amp#27;[0m Starting logs capture with command: C:\\Users\\ashwe\\AppData\\Local\\Android\\Sdk\\platform-tools\\adb.exe -P 5037 -s c7326a7c logcat -v threadtime
&amp#27;[38;5;211m[62a7a76a]&amp#27;[0m&amp#27;[38;5;229m[ADB]&amp#27;[0m Running 'C:\Users\ashwe\AppData\Local\Android\Sdk\platform-tools\adb.exe -P 5037 -s c7326a7c shell appops set io.appium.settings android:mock_location allow'
&amp#27;[38;5;211m[62a7a76a]&amp#27;[0m&amp#27;[38;5;229m[ADB]&amp#27;[0m Running 'C:\Users\ashwe\AppData\Local\Android\Sdk\platform-tools\adb.exe -P 5037 -s c7326a7c shell "[ -e '/data/local/tmp/mock_apps.json' ] && echo __PASS__"'
&amp#27;[38;5;211m[62a7a76a]&amp#27;[0m&amp#27;[38;5;229m[ADB]&amp#27;[0m Running 'C:\Users\ashwe\AppData\Local\Android\Sdk\platform-tools\adb.exe -P 5037 -s c7326a7c shell cat /data/local/tmp/mock_apps.json'
&amp#27;[38;5;211m[62a7a76a]&amp#27;[0m&amp#27;[38;5;-125m[AndroidUiautomator2Driver@9353]&amp#27;[0m Forwarding UiAutomator2 Server port 6790 to local port 8201
&amp#27;[38;5;211m[62a7a76a]&amp#27;[0m&amp#27;[38;5;229m[ADB]&amp#27;[0m Forwarding system: 8201 to device: 6790
&amp#27;[38;5;211m[62a7a76a]&amp#27;[0m&amp#27;[38;5;229m[ADB]&amp#27;[0m Running 'C:\Users\ashwe\AppData\Local\Android\Sdk\platform-tools\adb.exe -P 5037 -s c7326a7c forward tcp:8201 tcp:6790'
&amp#27;[38;5;211m[62a7a76a]&amp#27;[0m&amp#27;[38;5;229m[ADB]&amp#27;[0m Getting package info for 'io.appium.uiautomator2.server'
&amp#27;[38;5;211m[62a7a76a]&amp#27;[0m&amp#27;[38;5;229m[ADB]&amp#27;[0m Running 'C:\Users\ashwe\AppData\Local\Android\Sdk\platform-tools\adb.exe -P 5037 -s c7326a7c shell dumpsys package io.appium.uiautomator2.server'
&amp#27;[38;5;211m[62a7a76a]&amp#27;[0m&amp#27;[38;5;229m[ADB]&amp#27;[0m Getting install status for io.appium.uiautomator2.server.test
&amp#27;[38;5;211m[62a7a76a]&amp#27;[0m&amp#27;[38;5;-125m[AndroidUiautomator2Driver@9353]&amp#27;[0m No app capability. Assuming it is already on the device
&amp#27;[38;5;211m[62a7a76a]&amp#27;[0m&amp#27;[38;5;229m[ADB]&amp#27;[0m Getting install status for com.ubercab
&amp#27;[38;5;211m[62a7a76a]&amp#27;[0m&amp#27;[38;5;229m[ADB]&amp#27;[0m Running 'C:\Users\ashwe\AppData\Local\Android\Sdk\platform-tools\adb.exe -P 5037 -s c7326a7c shell cmd package list packages'
&amp#27;[38;5;211m[62a7a76a]&amp#27;[0m&amp#27;[38;5;229m[ADB]&amp#27;[0m Running 'C:\Users\ashwe\AppData\Local\Android\Sdk\platform-tools\adb.exe -P 5037 -s c7326a7c shell cmd package list packages'
&amp#27;[38;5;211m[62a7a76a]&amp#27;[0m&amp#27;[38;5;229m[ADB]&amp#27;[0m Reading package manifest: 'C:\\Users\\ashwe\\AppData\\Local\\Android\\Sdk\\build-tools\\35.0.0\\aapt2.exe dump badging C:\\Users\\ashwe\\node_modules\\appium-uiautomator2-driver\\node_modules\\appium-uiautomator2-server\\apks\\appium-uiautomator2-server-v7.0.25.apk'
&amp#27;[38;5;211m[62a7a76a]&amp#27;[0m&amp#27;[38;5;229m[ADB]&amp#27;[0m 'io.appium.uiautomator2.server.test' is installed
&amp#27;[38;5;211m[62a7a76a]&amp#27;[0m&amp#27;[38;5;229m[ADB]&amp#27;[0m 'com.ubercab' is installed
&amp#27;[38;5;211m[62a7a76a]&amp#27;[0m&amp#27;[38;5;229m[ADB]&amp#27;[0m Running 'C:\Users\ashwe\AppData\Local\Android\Sdk\platform-tools\adb.exe -P 5037 -s c7326a7c shell am force-stop com.ubercab'
&amp#27;[38;5;211m[62a7a76a]&amp#27;[0m&amp#27;[38;5;229m[ADB]&amp#27;[0m Running 'C:\Users\ashwe\AppData\Local\Android\Sdk\platform-tools\adb.exe -P 5037 -s c7326a7c shell pm clear com.ubercab'
&amp#27;[38;5;211m[62a7a76a]&amp#27;[0m&amp#27;[38;5;229m[ADB]&amp#27;[0m The version name of the installed 'io.appium.uiautomator2.server' is greater or equal to the application version name ('7.0.25' >= '7.0.25')
&amp#27;[38;5;211m[62a7a76a]&amp#27;[0m&amp#27;[38;5;-125m[AndroidUiautomator2Driver@9353]&amp#27;[0m Server packages status: [{"installState":"sameVersionInstalled","appPath":"C:\\Users\\ashwe\\node_modules\\appium-uiautomator2-driver\\node_modules\\appium-uiautomator2-server\\apks\\appium-uiautomator2-server-v7.0.25.apk","appId":"io.appium.uiautomator2.server"},{"installState":"sameVersionInstalled","appPath":"C:\\Users\\ashwe\\node_modules\\appium-uiautomator2-driver\\node_modules\\appium-uiautomator2-server\\apks\\appium-uiautomator2-server-debug-androidTest.apk","appId":"io.appium.uiautomator2.server.test"}]
&amp#27;[38;5;211m[62a7a76a]&amp#27;[0m&amp#27;[38;5;-125m[AndroidUiautomator2Driver@9353]&amp#27;[0m Server packages are not going to be (re)installed
&amp#27;[38;5;211m[62a7a76a]&amp#27;[0m&amp#27;[38;5;-125m[AndroidUiautomator2Driver@9353]&amp#27;[0m Waiting up to 30000ms for services to be available
&amp#27;[38;5;211m[62a7a76a]&amp#27;[0m&amp#27;[38;5;229m[ADB]&amp#27;[0m Running 'C:\Users\ashwe\AppData\Local\Android\Sdk\platform-tools\adb.exe -P 5037 -s c7326a7c shell pm list instrumentation'
&amp#27;[38;5;211m[62a7a76a]&amp#27;[0m&amp#27;[38;5;-125m[AndroidUiautomator2Driver@9353]&amp#27;[0m Performed fast reset on the installed 'com.ubercab' application (stop and clear)
&amp#27;[38;5;211m[62a7a76a]&amp#27;[0m&amp#27;[38;5;-125m[AndroidUiautomator2Driver@9353]&amp#27;[0m Instrumentation target 'io.appium.uiautomator2.server.test/androidx.test.runner.AndroidJUnitRunner' is available
&amp#27;[38;5;211m[62a7a76a]&amp#27;[0m&amp#27;[38;5;229m[ADB]&amp#27;[0m Adding packages ["io.appium.settings","io.appium.uiautomator2.server","io.appium.uiautomator2.server.test"] to Doze whitelist
&amp#27;[38;5;211m[62a7a76a]&amp#27;[0m&amp#27;[38;5;229m[ADB]&amp#27;[0m Got the following command chunks to execute: [["dumpsys","deviceidle","whitelist","+io.appium.settings",";","dumpsys","deviceidle","whitelist","+io.appium.uiautomator2.server",";","dumpsys","deviceidle","whitelist","+io.appium.uiautomator2.server.test",";"]]
&amp#27;[38;5;211m[62a7a76a]&amp#27;[0m&amp#27;[38;5;229m[ADB]&amp#27;[0m Running 'C:\Users\ashwe\AppData\Local\Android\Sdk\platform-tools\adb.exe -P 5037 -s c7326a7c shell dumpsys deviceidle whitelist +io.appium.settings ; dumpsys deviceidle whitelist +io.appium.uiautomator2.server ; dumpsys deviceidle whitelist +io.appium.uiautomator2.server.test ;'
&amp#27;[38;5;211m[62a7a76a]&amp#27;[0m&amp#27;[38;5;-125m[AndroidUiautomator2Driver@9353]&amp#27;[0m Performing shallow cleanup of automation leftovers
&amp#27;[38;5;211m[62a7a76a]&amp#27;[0m&amp#27;[38;5;-125m[AndroidUiautomator2Driver@9353]&amp#27;[0m The following obsolete sessions are still running: ["e6da0db4-d489-4f64-ae09-c73d93107fde"]
&amp#27;[38;5;211m[62a7a76a]&amp#27;[0m&amp#27;[38;5;-125m[AndroidUiautomator2Driver@9353]&amp#27;[0m Cleaning up 1 obsolete session
&amp#27;[38;5;211m[62a7a76a]&amp#27;[0m&amp#27;[38;5;229m[ADB]&amp#27;[0m Running 'C:\Users\ashwe\AppData\Local\Android\Sdk\platform-tools\adb.exe -P 5037 -s c7326a7c shell am force-stop io.appium.uiautomator2.server'
&amp#27;[38;5;211m[62a7a76a]&amp#27;[0m&amp#27;[38;5;229m[ADB]&amp#27;[0m Running 'C:\Users\ashwe\AppData\Local\Android\Sdk\platform-tools\adb.exe -P 5037 -s c7326a7c shell am force-stop io.appium.uiautomator2.server.test'
&amp#27;[38;5;211m[62a7a76a]&amp#27;[0m&amp#27;[38;5;-125m[AndroidUiautomator2Driver@9353]&amp#27;[0m Starting UIAutomator2 server 7.0.25
&amp#27;[38;5;211m[62a7a76a]&amp#27;[0m&amp#27;[38;5;-125m[AndroidUiautomator2Driver@9353]&amp#27;[0m Using UIAutomator2 server from 'C:\Users\ashwe\node_modules\appium-uiautomator2-driver\node_modules\appium-uiautomator2-server\apks\appium-uiautomator2-server-v7.0.25.apk' and test from 'C:\Users\ashwe\node_modules\appium-uiautomator2-driver\node_modules\appium-uiautomator2-server\apks\appium-uiautomator2-server-debug-androidTest.apk'
&amp#27;[38;5;211m[62a7a76a]&amp#27;[0m&amp#27;[38;5;-125m[AndroidUiautomator2Driver@9353]&amp#27;[0m Waiting up to 30000ms for UiAutomator2 to be online...
&amp#27;[38;5;211m[62a7a76a]&amp#27;[0m&amp#27;[38;5;229m[ADB]&amp#27;[0m Creating ADB subprocess with args: ["-P","5037","-s","c7326a7c","shell","am","instrument","-w","-e","disableAnalytics","true","io.appium.uiautomator2.server.test/androidx.test.runner.AndroidJUnitRunner"]
&amp#27;[38;5;211m[62a7a76a]&amp#27;[0m&amp#27;[38;5;-125m[AndroidUiautomator2Driver@9353]&amp#27;[0m Matched '/status' to command name 'getStatus'
&amp#27;[38;5;211m[62a7a76a]&amp#27;[0m&amp#27;[38;5;-125m[AndroidUiautomator2Driver@9353]&amp#27;[0m Proxying [GET /status] to [GET http://127.0.0.1:8201/status] with no body
&amp#27;[38;5;211m[62a7a76a]&amp#27;[0m&amp#27;[38;5;-125m[AndroidUiautomator2Driver@9353]&amp#27;[0m socket hang up
&amp#27;[38;5;211m[62a7a76a]&amp#27;[0m&amp#27;[38;5;-125m[AndroidUiautomator2Driver@9353]&amp#27;[0m Matched '/status' to command name 'getStatus'
&amp#27;[38;5;211m[62a7a76a]&amp#27;[0m&amp#27;[38;5;-125m[AndroidUiautomator2Driver@9353]&amp#27;[0m Proxying [GET /status] to [GET http://127.0.0.1:8201/status] with no body
&amp#27;[38;5;211m[62a7a76a]&amp#27;[0m&amp#27;[38;5;-125m[AndroidUiautomator2Driver@9353]&amp#27;[0m socket hang up
&amp#27;[38;5;211m[62a7a76a]&amp#27;[0m&amp#27;[38;5;-125m[AndroidUiautomator2Driver@9353]&amp#27;[0m Matched '/status' to command name 'getStatus'
&amp#27;[38;5;211m[62a7a76a]&amp#27;[0m&amp#27;[38;5;-125m[AndroidUiautomator2Driver@9353]&amp#27;[0m Proxying [GET /status] to [GET http://127.0.0.1:8201/status] with no body
&amp#27;[38;5;211m[62a7a76a]&amp#27;[0m&amp#27;[38;5;-125m[AndroidUiautomator2Driver@9353]&amp#27;[0m socket hang up
&amp#27;[38;5;211m[62a7a76a]&amp#27;[0m&amp#27;[38;5;-125m[AndroidUiautomator2Driver@9353]&amp#27;[0m Matched '/status' to command name 'getStatus'
&amp#27;[38;5;211m[62a7a76a]&amp#27;[0m&amp#27;[38;5;-125m[AndroidUiautomator2Driver@9353]&amp#27;[0m Proxying [GET /status] to [GET http://127.0.0.1:8201/status] with no body
&amp#27;[38;5;211m[62a7a76a]&amp#27;[0m&amp#27;[38;5;-125m[AndroidUiautomator2Driver@9353]&amp#27;[0m socket hang up
&amp#27;[38;5;211m[62a7a76a]&amp#27;[0m&amp#27;[38;5;-125m[AndroidUiautomator2Driver@9353]&amp#27;[0m [Instrumentation] 
&amp#27;[38;5;211m[62a7a76a]&amp#27;[0m&amp#27;[38;5;-125m[AndroidUiautomator2Driver@9353]&amp#27;[0m Matched '/status' to command name 'getStatus'
&amp#27;[38;5;211m[62a7a76a]&amp#27;[0m&amp#27;[38;5;-125m[AndroidUiautomator2Driver@9353]&amp#27;[0m Proxying [GET /status] to [GET http://127.0.0.1:8201/status] with no body
&amp#27;[38;5;211m[62a7a76a]&amp#27;[0m&amp#27;[38;5;-125m[AndroidUiautomator2Driver@9353]&amp#27;[0m socket hang up
&amp#27;[38;5;211m[62a7a76a]&amp#27;[0m&amp#27;[38;5;-125m[AndroidUiautomator2Driver@9353]&amp#27;[0m Matched '/status' to command name 'getStatus'
&amp#27;[38;5;211m[62a7a76a]&amp#27;[0m&amp#27;[38;5;-125m[AndroidUiautomator2Driver@9353]&amp#27;[0m Proxying [GET /status] to [GET http://127.0.0.1:8201/status] with no body
&amp#27;[38;5;211m[62a7a76a]&amp#27;[0m&amp#27;[38;5;-125m[AndroidUiautomator2Driver@9353]&amp#27;[0m Got response with status 200: {"sessionId":"None","value":{"message":"UiAutomator2 Server is ready to accept commands","ready":true}}
&amp#27;[38;5;211m[62a7a76a]&amp#27;[0m&amp#27;[38;5;-125m[AndroidUiautomator2Driver@9353]&amp#27;[0m The initialization of the instrumentation process took 5285ms
&amp#27;[38;5;211m[62a7a76a]&amp#27;[0m&amp#27;[38;5;-125m[AndroidUiautomator2Driver@9353]&amp#27;[0m Matched '/session' to command name 'createSession'
&amp#27;[38;5;211m[62a7a76a]&amp#27;[0m&amp#27;[38;5;-125m[AndroidUiautomator2Driver@9353]&amp#27;[0m Proxying [POST /session] to [POST http://127.0.0.1:8201/session] with body: {"capabilities":{"firstMatch":[{"platformName":"ANDROID","udid":"c7326a7c","appActivity":"com.ubercab.presidio.app.core.root.RootActivity","deviceName":"c7326a7c","automationName":"UiAutomator2","platformVersion":"10","appPackage":"com.ubercab","platform":"LINUX","webStorageEnabled":false,"takesScreenshot":true,"javascriptEnabled":true,"databaseEnabled":false,"networkConnectionEnabled":true,"locationContextEnabled":false,"warnings":{},"desired":{"platformName":"ANDROID","udid":"c7326a7c","appActivity":"com.ubercab.presidio.app.core.root.RootActivity","deviceName":"ash","automationName":"UiAutomator2","platformVersion":"10","appPackage":"com.ubercab"},"deviceUDID":"c7326a7c"}],"alwaysMatch":{}}}
&amp#27;[38;5;211m[62a7a76a]&amp#27;[0m&amp#27;[38;5;-125m[AndroidUiautomator2Driver@9353]&amp#27;[0m Got response with status 200: {"sessionId":"eca32cff-82f1-4774-aa66-3decd622327e","value":{"capabilities":{"firstMatch":[{"platformName":"ANDROID","udid":"c7326a7c","appActivity":"com.ubercab.presidio.app.core.root.RootActivity","deviceName":"c7326a7c","automationName":"UiAutomator2","platformVersion":"10","appPackage":"com.ubercab","platform":"LINUX","webStorageEnabled":false,"takesScreenshot":true,"javascriptEnabled":true,"databaseEnabled":false,"networkConnectionEnabled":true,"locationContextEnabled":false,"warnings":{},"desired":{"platformName":"ANDROID","udid":"c7326a7c","appActivity":"com.ubercab.presidio.app.core.root.RootActivity","deviceName":"ash","automationName":"UiAutomator2","platformVersion":"10","appPackage":"com.ubercab"},"deviceUDID":"c7326a7c"}],"alwaysMatch":{}},"sessionId":"eca32cff-82f1-4774-aa66-3decd622327e"}}
&amp#27;[38;5;211m[62a7a76a]&amp#27;[0m&amp#27;[38;5;-125m[AndroidUiautomator2Driver@9353]&amp#27;[0m Determined the downstream protocol as 'W3C'
&amp#27;[38;5;211m[62a7a76a]&amp#27;[0m&amp#27;[38;5;-125m[AndroidUiautomator2Driver@9353]&amp#27;[0m Proxying [GET /appium/device/pixel_ratio] to [GET http://127.0.0.1:8201/session/eca32cff-82f1-4774-aa66-3decd622327e/appium/device/pixel_ratio] with no body
&amp#27;[38;5;211m[62a7a76a]&amp#27;[0m&amp#27;[38;5;-125m[AndroidUiautomator2Driver@9353]&amp#27;[0m Matched '/appium/device/system_bars' to command name 'getSystemBars'
&amp#27;[38;5;211m[62a7a76a]&amp#27;[0m&amp#27;[38;5;-125m[AndroidUiautomator2Driver@9353]&amp#27;[0m Proxying [GET /appium/device/system_bars] to [GET http://127.0.0.1:8201/session/eca32cff-82f1-4774-aa66-3decd622327e/appium/device/system_bars] with no body
&amp#27;[38;5;211m[62a7a76a]&amp#27;[0m&amp#27;[38;5;-125m[AndroidUiautomator2Driver@9353]&amp#27;[0m Matched '/window/current/size' to command name 'getWindowSize'
&amp#27;[38;5;211m[62a7a76a]&amp#27;[0m&amp#27;[38;5;-125m[AndroidUiautomator2Driver@9353]&amp#27;[0m Proxying [GET /window/current/size] to [GET http://127.0.0.1:8201/session/eca32cff-82f1-4774-aa66-3decd622327e/window/current/size] with no body
&amp#27;[38;5;211m[62a7a76a]&amp#27;[0m&amp#27;[38;5;-125m[AndroidUiautomator2Driver@9353]&amp#27;[0m Proxying [GET /appium/device/info] to [GET http://127.0.0.1:8201/session/eca32cff-82f1-4774-aa66-3decd622327e/appium/device/info] with no body
&amp#27;[38;5;211m[62a7a76a]&amp#27;[0m&amp#27;[38;5;229m[ADB]&amp#27;[0m Running 'C:\Users\ashwe\AppData\Local\Android\Sdk\platform-tools\adb.exe -P 5037 -s c7326a7c shell dumpsys window'
&amp#27;[38;5;211m[62a7a76a]&amp#27;[0m&amp#27;[38;5;229m[ADB]&amp#27;[0m Running 'C:\Users\ashwe\AppData\Local\Android\Sdk\platform-tools\adb.exe -P 5037 -s c7326a7c shell dumpsys power'
&amp#27;[38;5;211m[62a7a76a]&amp#27;[0m&amp#27;[38;5;-125m[AndroidUiautomator2Driver@9353]&amp#27;[0m Got response with status 200: {"sessionId":"eca32cff-82f1-4774-aa66-3decd622327e","value":2.75}
&amp#27;[38;5;211m[62a7a76a]&amp#27;[0m&amp#27;[38;5;-125m[AndroidUiautomator2Driver@9353]&amp#27;[0m Got response with status 200: {"sessionId":"eca32cff-82f1-4774-aa66-3decd622327e","value":{"statusBar":80}}
&amp#27;[38;5;211m[62a7a76a]&amp#27;[0m&amp#27;[38;5;-125m[AndroidUiautomator2Driver@9353]&amp#27;[0m Got response with status 200: {"sessionId":"eca32cff-82f1-4774-aa66-3decd622327e","value":{"height":2340,"width":1080}}
&amp#27;[38;5;211m[62a7a76a]&amp#27;[0m&amp#27;[38;5;-125m[AndroidUiautomator2Driver@9353]&amp#27;[0m Screen already unlocked, doing nothing
&amp#27;[38;5;211m[62a7a76a]&amp#27;[0m&amp#27;[38;5;-125m[AndroidUiautomator2Driver@9353]&amp#27;[0m Starting 'com.ubercab/com.ubercab.presidio.app.core.root.RootActivity and waiting for 'com.ubercab/com.ubercab.presidio.app.core.root.RootActivity'
&amp#27;[38;5;211m[62a7a76a]&amp#27;[0m&amp#27;[38;5;229m[ADB]&amp#27;[0m Running 'C:\Users\ashwe\AppData\Local\Android\Sdk\platform-tools\adb.exe -P 5037 -s c7326a7c shell am start -W -n com.ubercab/com.ubercab.presidio.app.core.root.RootActivity -S -a android.intent.action.MAIN -c android.intent.category.LAUNCHER -f 0x10200000'
&amp#27;[38;5;211m[62a7a76a]&amp#27;[0m&amp#27;[38;5;-125m[AndroidUiautomator2Driver@9353]&amp#27;[0m Got response with status 200: {"sessionId":"eca32cff-82f1-4774-aa66-3decd622327e","value":{"androidId":"74376521cb430b23","apiVersion":"29","bluetooth":{"state":"OFF"},"brand":"xiaomi","carrierName":"airtel","displayDensity":440,"locale":"en_GB","manufacturer":"Xiaomi","model":"Redmi Note 7 Pro","networks":[{"capabilities":{"SSID":null,"linkDownBandwidthKbps":102400,"linkUpstreamBandwidthKbps":51200,"networkCapabilities":"NET_CAPABILITY_IMS,NET_CAPABILITY_NOT_METERED,NET_CAPABILITY_TRUSTED,NET_CAPABILITY_NOT_VPN,NET_CAPABILITY_VALIDATED,NET_CAPABILITY_NOT_ROAMING,NET_CAPABILITY_FOREGROUND,NET_CAPABILITY_NOT_CONGESTED,NET_CAPABILITY_NOT_SUSPENDED","signalStrength":-2147483648,"transportTypes":"TRANSPORT_CELLULAR"},"detailedState":"CONNECTED","extraInfo":"ims","isAvailable":true,"isConnected":true,"isFailover":false,"isRoaming":false,"state":"CONNECTED","subtype":13,"subtypeName":"LTE","type":0,"typeName":"MOBILE"},{"capabilities":{"SSID":null,"linkDownBandwidthKbps":102400,"linkUpstreamBandwidthKbps":51200,"networkCapabilities":"NET_CAP...
&amp#27;[38;5;211m[62a7a76a]&amp#27;[0m&amp#27;[38;5;202m[AppiumDriver@e533]&amp#27;[0m New AndroidUiautomator2Driver session created successfully, session 62a7a76a-8d2c-4e5a-8619-b05a22c12011 added to master session list
&amp#27;[38;5;211m[62a7a76a]&amp#27;[0m&amp#27;[38;5;202m[AppiumDriver@e533]&amp#27;[0m Event 'newSessionStarted' logged at 1734515751403 (15:25:51 GMT+0530 (India Standard Time))
&amp#27;[38;5;211m[62a7a76a]&amp#27;[0m&amp#27;[38;5;-125m[AndroidUiautomator2Driver@9353]&amp#27;[0m Cached the protocol value 'W3C' for the new session 62a7a76a-8d2c-4e5a-8619-b05a22c12011
&amp#27;[38;5;211m[62a7a76a]&amp#27;[0m&amp#27;[38;5;-125m[AndroidUiautomator2Driver@9353]&amp#27;[0m Responding to client with driver.createSession() result: {"capabilities":{"platformName":"ANDROID","udid":"c7326a7c","appActivity":"com.ubercab.presidio.app.core.root.RootActivity","deviceName":"c7326a7c","automationName":"UiAutomator2","platformVersion":"10","appPackage":"com.ubercab","platform":"LINUX","webStorageEnabled":false,"takesScreenshot":true,"javascriptEnabled":true,"databaseEnabled":false,"networkConnectionEnabled":true,"locationContextEnabled":false,"warnings":{},"desired":{"platformName":"ANDROID","udid":"c7326a7c","appActivity":"com.ubercab.presidio.app.core.root.RootActivity","deviceName":"ash","automationName":"UiAutomator2","platformVersion":"10","appPackage":"com.ubercab"},"deviceUDID":"c7326a7c","pixelRatio":"2.75","statBarHeight":80,"viewportRect":{"left":0,"top":80,"width":1080,"height":2260},"deviceApiLevel":29,"deviceManufacturer":"Xiaomi","deviceModel":"Redmi Note 7 Pro","deviceScreenSize":"1080x2340","deviceScreenDensity":440}}
&amp#27;[38;5;211m[62a7a76a]&amp#27;[0m&amp#27;[38;5;86m[HTTP]&amp#27;[0m &amp#27;[37m<-- POST /session &amp#27;[39m&amp#27;[32m200&amp#27;[39m &amp#27;[90m39094 ms - 971&amp#27;[39m &amp#27;[90m&amp#27;[39m
]]></system-out>
    <system-err><![CDATA[SLF4J(W): No SLF4J providers were found.
SLF4J(W): Defaulting to no-operation (NOP) logger implementation
SLF4J(W): See https://www.slf4j.org/codes.html#noProviders for further details.
]]></system-err>
  </testcase>
</testsuite>