<?xml version="1.0" encoding="UTF-8"?>
<!-- Generated by org.testng.reporters.JUnitReportReporter -->
<testsuite hostname="Ashwin" failures="0" tests="1" name="org.mobile.RedmiNote" time="43.902" errors="0" timestamp="18 Dec 2024 09:55:51 GMT" skipped="0">
  <testcase classname="org.mobile.RedmiNote" name="redmi" time="43.902"/>
</testsuite> <!-- org.mobile.RedmiNote -->
